<?xml version="1.0" encoding="UTF-8"?>
<!-- Generated by org.testng.reporters.JUnitXMLReporter -->
<testsuite ignored="0" hostname="Kirti" failures="0" tests="2" name="Default test" time="0.166" errors="0" timestamp="2023-07-31T18:59:13 IST">
  <testcase classname="testngTest.FaceBook_1" name="@BeforeTest lunchTheBrowse" time="-1.69081015286E9">
    <failure type="org.testng.TestNGException" message="
Parameter &amp;apos;Browser&amp;apos; is required by BeforeTest on method lunchTheBrowse but has not been marked @Optional or defined
in C:\Users\admin\AppData\Local\Temp\testng-eclipse--1686437786\testng-customsuite.xml">
      <![CDATA[org.testng.TestNGException: 
Parameter 'Browser' is required by BeforeTest on method lunchTheBrowse but has not been marked @Optional or defined
in C:\Users\admin\AppData\Local\Temp\testng-eclipse--1686437786\testng-customsuite.xml
at org.testng.internal.Parameters.createParams(Parameters.java:270)
at org.testng.internal.Parameters.createParametersForMethod(Parameters.java:358)
at org.testng.internal.Parameters.createParameters(Parameters.java:700)
at org.testng.internal.Parameters.createConfigurationParameters(Parameters.java:168)
at org.testng.internal.ConfigInvoker.invokeConfigurations(ConfigInvoker.java:302)
at org.testng.TestRunner.invokeTestConfigurations(TestRunner.java:637)
at org.testng.TestRunner.beforeRun(TestRunner.java:627)
at org.testng.TestRunner.run(TestRunner.java:589)
at org.testng.SuiteRunner.runTest(SuiteRunner.java:377)
at org.testng.SuiteRunner.runSequentially(SuiteRunner.java:371)
at org.testng.SuiteRunner.privateRun(SuiteRunner.java:332)
at org.testng.SuiteRunner.run(SuiteRunner.java:276)
at org.testng.SuiteRunnerWorker.runSuite(SuiteRunnerWorker.java:53)
at org.testng.SuiteRunnerWorker.run(SuiteRunnerWorker.java:96)
at org.testng.TestNG.runSuitesSequentially(TestNG.java:1212)
at org.testng.TestNG.runSuitesLocally(TestNG.java:1134)
at org.testng.TestNG.runSuites(TestNG.java:1063)
at org.testng.TestNG.run(TestNG.java:1031)
at org.testng.remote.AbstractRemoteTestNG.run(AbstractRemoteTestNG.java:115)
at org.testng.remote.RemoteTestNG.initAndRun(RemoteTestNG.java:251)
at org.testng.remote.RemoteTestNG.main(RemoteTestNG.java:77)
]]>
    </failure>
  </testcase> <!-- @BeforeTest lunchTheBrowse -->
  <testcase classname="testngTest.FaceBook_1" name="@BeforeMethod goToSignUpForm" time="-1.690810152948E9">
    <skipped/>
  </testcase> <!-- @BeforeMethod goToSignUpForm -->
  <testcase classname="testngTest.FaceBook_1" name="@AfterMethod afterMethod" time="-1.690810152972E9">
    <skipped/>
  </testcase> <!-- @AfterMethod afterMethod -->
  <testcase classname="testngTest.FaceBook_1" name="@BeforeMethod goToSignUpForm" time="-1.690810152984E9">
    <skipped/>
  </testcase> <!-- @BeforeMethod goToSignUpForm -->
  <testcase classname="testngTest.FaceBook_1" name="@AfterMethod afterMethod" time="-1.690810152998E9">
    <skipped/>
  </testcase> <!-- @AfterMethod afterMethod -->
  <testcase classname="testngTest.FaceBook_1" name="@AfterClass clearPomObj" time="-1.690810153005E9">
    <skipped/>
  </testcase> <!-- @AfterClass clearPomObj -->
  <testcase classname="testngTest.FaceBook_1" name="@AfterTest closedBrowser" time="-1.690810153008E9">
    <skipped/>
  </testcase> <!-- @AfterTest closedBrowser -->
  <testcase classname="testngTest.FaceBook_1" name="terms" time="0.0">
    <skipped/>
  </testcase> <!-- terms -->
  <testcase classname="testngTest.FaceBook_1" name="privacyPolicy" time="0.0">
    <skipped/>
  </testcase> <!-- privacyPolicy -->
</testsuite> <!-- Default test -->
