<?xml version="1.0" encoding="UTF-8"?>
<!-- Generated by org.testng.reporters.JUnitXMLReporter -->
<testsuite ignored="0" hostname="Kirti" failures="0" tests="4" name="ChromeTest" time="28.317" errors="0" timestamp="2023-08-19T11:00:25 IST">
  <testcase classname="testngTest.FaceBook_1" name="@BeforeTest lunchTheBrowse" time="27.712">
    <failure type="org.openqa.selenium.SessionNotCreatedException" message="session not created: This version of ChromeDriver only supports Chrome version 114
Current browser version is 116.0.5845.96 with binary path C:\Program Files (x86)\Google\Chrome\Application\chrome.exe
Build info: version: &amp;apos;3.141.59&amp;apos;, revision: &amp;apos;e82be7d358&amp;apos;, time: &amp;apos;2018-11-14T08:17:03&amp;apos;
System info: host: &amp;apos;KIRTI&amp;apos;, ip: &amp;apos;192.168.1.6&amp;apos;, os.name: &amp;apos;Windows 10&amp;apos;, os.arch: &amp;apos;amd64&amp;apos;, os.version: &amp;apos;10.0&amp;apos;, java.version: &amp;apos;17.0.1&amp;apos;
Driver info: driver.version: ChromeDriver
remote stacktrace: Backtrace:
	GetHandleVerifier [0x0053A813+48355]
	(No symbol) [0x004CC4B1]
	(No symbol) [0x003D5358]
	(No symbol) [0x003F61AC]
	(No symbol) [0x003F1EF3]
	(No symbol) [0x003F0579]
	(No symbol) [0x00420C55]
	(No symbol) [0x0042093C]
	(No symbol) [0x0041A536]
	(No symbol) [0x003F82DC]
	(No symbol) [0x003F93DD]
	GetHandleVerifier [0x0079AABD+2539405]
	GetHandleVerifier [0x007DA78F+2800735]
	GetHandleVerifier [0x007D456C+2775612]
	GetHandleVerifier [0x005C51E0+616112]
	(No symbol) [0x004D5F8C]
	(No symbol) [0x004D2328]
	(No symbol) [0x004D240B]
	(No symbol) [0x004C4FF7]
	BaseThreadInitThunk [0x771F00C9+25]
	RtlGetAppContainerNamedObjectPath [0x77787B1E+286]
	RtlGetAppContainerNamedObjectPath [0x77787AEE+238]
">
      <![CDATA[org.openqa.selenium.SessionNotCreatedException: session not created: This version of ChromeDriver only supports Chrome version 114
Current browser version is 116.0.5845.96 with binary path C:\Program Files (x86)\Google\Chrome\Application\chrome.exe
Build info: version: '3.141.59', revision: 'e82be7d358', time: '2018-11-14T08:17:03'
System info: host: 'KIRTI', ip: '192.168.1.6', os.name: 'Windows 10', os.arch: 'amd64', os.version: '10.0', java.version: '17.0.1'
Driver info: driver.version: ChromeDriver
remote stacktrace: Backtrace:
GetHandleVerifier [0x0053A813+48355]
(No symbol) [0x004CC4B1]
(No symbol) [0x003D5358]
(No symbol) [0x003F61AC]
(No symbol) [0x003F1EF3]
(No symbol) [0x003F0579]
(No symbol) [0x00420C55]
(No symbol) [0x0042093C]
(No symbol) [0x0041A536]
(No symbol) [0x003F82DC]
(No symbol) [0x003F93DD]
GetHandleVerifier [0x0079AABD+2539405]
GetHandleVerifier [0x007DA78F+2800735]
GetHandleVerifier [0x007D456C+2775612]
GetHandleVerifier [0x005C51E0+616112]
(No symbol) [0x004D5F8C]
(No symbol) [0x004D2328]
(No symbol) [0x004D240B]
(No symbol) [0x004C4FF7]
BaseThreadInitThunk [0x771F00C9+25]
RtlGetAppContainerNamedObjectPath [0x77787B1E+286]
RtlGetAppContainerNamedObjectPath [0x77787AEE+238]

at org.openqa.selenium.remote.W3CHandshakeResponse.lambda$errorHandler$0(W3CHandshakeResponse.java:62)
at org.openqa.selenium.remote.HandshakeResponse.lambda$getResponseFunction$0(HandshakeResponse.java:30)
at org.openqa.selenium.remote.ProtocolHandshake.lambda$createSession$0(ProtocolHandshake.java:126)
at java.base/java.util.stream.ReferencePipeline$3$1.accept(ReferencePipeline.java:197)
at java.base/java.util.Spliterators$ArraySpliterator.tryAdvance(Spliterators.java:1002)
at java.base/java.util.stream.ReferencePipeline.forEachWithCancel(ReferencePipeline.java:129)
at java.base/java.util.stream.AbstractPipeline.copyIntoWithCancel(AbstractPipeline.java:527)
at java.base/java.util.stream.AbstractPipeline.copyInto(AbstractPipeline.java:513)
at java.base/java.util.stream.AbstractPipeline.wrapAndCopyInto(AbstractPipeline.java:499)
at java.base/java.util.stream.FindOps$FindOp.evaluateSequential(FindOps.java:150)
at java.base/java.util.stream.AbstractPipeline.evaluate(AbstractPipeline.java:234)
at java.base/java.util.stream.ReferencePipeline.findFirst(ReferencePipeline.java:647)
at org.openqa.selenium.remote.ProtocolHandshake.createSession(ProtocolHandshake.java:128)
at org.openqa.selenium.remote.ProtocolHandshake.createSession(ProtocolHandshake.java:74)
at org.openqa.selenium.remote.HttpCommandExecutor.execute(HttpCommandExecutor.java:136)
at org.openqa.selenium.remote.service.DriverCommandExecutor.execute(DriverCommandExecutor.java:83)
at org.openqa.selenium.remote.RemoteWebDriver.execute(RemoteWebDriver.java:552)
at org.openqa.selenium.remote.RemoteWebDriver.startSession(RemoteWebDriver.java:213)
at org.openqa.selenium.remote.RemoteWebDriver.<init>(RemoteWebDriver.java:131)
at org.openqa.selenium.chrome.ChromeDriver.<init>(ChromeDriver.java:181)
at org.openqa.selenium.chrome.ChromeDriver.<init>(ChromeDriver.java:168)
at org.openqa.selenium.chrome.ChromeDriver.<init>(ChromeDriver.java:157)
at testngTest.FaceBook_1.lunchTheBrowse(FaceBook_1.java:36)
... Removed 29 stack frames]]>
    </failure>
  </testcase> <!-- @BeforeTest lunchTheBrowse -->
  <testcase classname="testngTest.FaceBook_2" name="@BeforeTest lunchTheBrowse" time="-1.692423024531E9">
    <skipped/>
  </testcase> <!-- @BeforeTest lunchTheBrowse -->
  <testcase classname="testngTest.FaceBook_1" name="@BeforeMethod goToSignUpForm" time="-1.692423024574E9">
    <skipped/>
  </testcase> <!-- @BeforeMethod goToSignUpForm -->
  <testcase classname="testngTest.FaceBook_1" name="@AfterMethod afterMethod" time="-1.692423024588E9">
    <skipped/>
  </testcase> <!-- @AfterMethod afterMethod -->
  <testcase classname="testngTest.FaceBook_2" name="@BeforeMethod goToSignUpForm" time="-1.692423024804E9">
    <skipped/>
  </testcase> <!-- @BeforeMethod goToSignUpForm -->
  <testcase classname="testngTest.FaceBook_2" name="@AfterMethod afterMethod" time="-1.69242302486E9">
    <skipped/>
  </testcase> <!-- @AfterMethod afterMethod -->
  <testcase classname="testngTest.FaceBook_1" name="@BeforeMethod goToSignUpForm" time="-1.692423024864E9">
    <skipped/>
  </testcase> <!-- @BeforeMethod goToSignUpForm -->
  <testcase classname="testngTest.FaceBook_1" name="@AfterMethod afterMethod" time="-1.692423024887E9">
    <skipped/>
  </testcase> <!-- @AfterMethod afterMethod -->
  <testcase classname="testngTest.FaceBook_1" name="@AfterClass clearPomObj" time="-1.692423024946E9">
    <skipped/>
  </testcase> <!-- @AfterClass clearPomObj -->
  <testcase classname="testngTest.FaceBook_2" name="@BeforeMethod goToSignUpForm" time="-1.692423024977E9">
    <skipped/>
  </testcase> <!-- @BeforeMethod goToSignUpForm -->
  <testcase classname="testngTest.FaceBook_2" name="@AfterMethod afterMethod" time="-1.692423025055E9">
    <skipped/>
  </testcase> <!-- @AfterMethod afterMethod -->
  <testcase classname="testngTest.FaceBook_2" name="@AfterClass clearPomObj" time="-1.692423025069E9">
    <skipped/>
  </testcase> <!-- @AfterClass clearPomObj -->
  <testcase classname="testngTest.FaceBook_1" name="@AfterTest closedBrowser" time="-1.692423025072E9">
    <skipped/>
  </testcase> <!-- @AfterTest closedBrowser -->
  <testcase classname="testngTest.FaceBook_2" name="@AfterTest closedBrowser" time="-1.692423025076E9">
    <skipped/>
  </testcase> <!-- @AfterTest closedBrowser -->
  <testcase classname="testngTest.FaceBook_1" name="terms" time="0.0">
    <skipped/>
  </testcase> <!-- terms -->
  <testcase classname="testngTest.FaceBook_2" name="terms" time="0.0">
    <skipped/>
  </testcase> <!-- terms -->
  <testcase classname="testngTest.FaceBook_1" name="privacyPolicy" time="0.0">
    <skipped/>
  </testcase> <!-- privacyPolicy -->
  <testcase classname="testngTest.FaceBook_2" name="privacyPolicy" time="0.0">
    <skipped/>
  </testcase> <!-- privacyPolicy -->
</testsuite> <!-- ChromeTest -->
