<?xml version="1.0" encoding="UTF-8"?>
<!-- Generated by org.testng.reporters.JUnitXMLReporter -->
<testsuite ignored="0" hostname="Kirti" failures="0" tests="4" name="FireFoxTest" time="277.421" errors="0" timestamp="2023-08-19T11:05:11 IST">
  <testcase classname="testngTest.FaceBook_2" name="@BeforeTest lunchTheBrowse" time="203.902">
    <failure type="org.openqa.selenium.TimeoutException" message="Failed to read marionette port
Build info: version: &amp;apos;3.141.59&amp;apos;, revision: &amp;apos;e82be7d358&amp;apos;, time: &amp;apos;2018-11-14T08:17:03&amp;apos;
System info: host: &amp;apos;KIRTI&amp;apos;, ip: &amp;apos;192.168.1.6&amp;apos;, os.name: &amp;apos;Windows 10&amp;apos;, os.arch: &amp;apos;amd64&amp;apos;, os.version: &amp;apos;10.0&amp;apos;, java.version: &amp;apos;17.0.1&amp;apos;
Driver info: driver.version: FirefoxDriver
remote stacktrace: ">
      <![CDATA[org.openqa.selenium.TimeoutException: Failed to read marionette port
Build info: version: '3.141.59', revision: 'e82be7d358', time: '2018-11-14T08:17:03'
System info: host: 'KIRTI', ip: '192.168.1.6', os.name: 'Windows 10', os.arch: 'amd64', os.version: '10.0', java.version: '17.0.1'
Driver info: driver.version: FirefoxDriver
remote stacktrace: 
at org.openqa.selenium.remote.W3CHandshakeResponse.lambda$errorHandler$0(W3CHandshakeResponse.java:62)
at org.openqa.selenium.remote.HandshakeResponse.lambda$getResponseFunction$0(HandshakeResponse.java:30)
at org.openqa.selenium.remote.ProtocolHandshake.lambda$createSession$0(ProtocolHandshake.java:126)
at java.base/java.util.stream.ReferencePipeline$3$1.accept(ReferencePipeline.java:197)
at java.base/java.util.Spliterators$ArraySpliterator.tryAdvance(Spliterators.java:1002)
at java.base/java.util.stream.ReferencePipeline.forEachWithCancel(ReferencePipeline.java:129)
at java.base/java.util.stream.AbstractPipeline.copyIntoWithCancel(AbstractPipeline.java:527)
at java.base/java.util.stream.AbstractPipeline.copyInto(AbstractPipeline.java:513)
at java.base/java.util.stream.AbstractPipeline.wrapAndCopyInto(AbstractPipeline.java:499)
at java.base/java.util.stream.FindOps$FindOp.evaluateSequential(FindOps.java:150)
at java.base/java.util.stream.AbstractPipeline.evaluate(AbstractPipeline.java:234)
at java.base/java.util.stream.ReferencePipeline.findFirst(ReferencePipeline.java:647)
at org.openqa.selenium.remote.ProtocolHandshake.createSession(ProtocolHandshake.java:128)
at org.openqa.selenium.remote.ProtocolHandshake.createSession(ProtocolHandshake.java:74)
at org.openqa.selenium.remote.HttpCommandExecutor.execute(HttpCommandExecutor.java:136)
at org.openqa.selenium.remote.service.DriverCommandExecutor.execute(DriverCommandExecutor.java:83)
at org.openqa.selenium.remote.RemoteWebDriver.execute(RemoteWebDriver.java:552)
at org.openqa.selenium.remote.RemoteWebDriver.startSession(RemoteWebDriver.java:213)
at org.openqa.selenium.remote.RemoteWebDriver.<init>(RemoteWebDriver.java:131)
at org.openqa.selenium.firefox.FirefoxDriver.<init>(FirefoxDriver.java:147)
at org.openqa.selenium.firefox.FirefoxDriver.<init>(FirefoxDriver.java:125)
at testngTest.FaceBook_2.lunchTheBrowse(FaceBook_2.java:42)
... Removed 29 stack frames]]>
    </failure>
  </testcase> <!-- @BeforeTest lunchTheBrowse -->
  <testcase classname="testngTest.FaceBook_1" name="@BeforeMethod goToSignUpForm" time="-1.692423303269E9">
    <skipped/>
  </testcase> <!-- @BeforeMethod goToSignUpForm -->
  <testcase classname="testngTest.FaceBook_1" name="@AfterMethod afterMethod" time="-1.69242330329E9">
    <skipped/>
  </testcase> <!-- @AfterMethod afterMethod -->
  <testcase classname="testngTest.FaceBook_1" name="@BeforeMethod goToSignUpForm" time="-1.692423303294E9">
    <skipped/>
  </testcase> <!-- @BeforeMethod goToSignUpForm -->
  <testcase classname="testngTest.FaceBook_1" name="@AfterMethod afterMethod" time="-1.692423303303E9">
    <skipped/>
  </testcase> <!-- @AfterMethod afterMethod -->
  <testcase classname="testngTest.FaceBook_1" name="@AfterClass clearPomObj" time="-1.692423303304E9">
    <skipped/>
  </testcase> <!-- @AfterClass clearPomObj -->
  <testcase classname="testngTest.FaceBook_2" name="@BeforeMethod goToSignUpForm" time="-1.692423303306E9">
    <skipped/>
  </testcase> <!-- @BeforeMethod goToSignUpForm -->
  <testcase classname="testngTest.FaceBook_2" name="@AfterMethod afterMethod" time="-1.692423303309E9">
    <skipped/>
  </testcase> <!-- @AfterMethod afterMethod -->
  <testcase classname="testngTest.FaceBook_2" name="@BeforeMethod goToSignUpForm" time="-1.69242330331E9">
    <skipped/>
  </testcase> <!-- @BeforeMethod goToSignUpForm -->
  <testcase classname="testngTest.FaceBook_2" name="@AfterMethod afterMethod" time="-1.692423303313E9">
    <skipped/>
  </testcase> <!-- @AfterMethod afterMethod -->
  <testcase classname="testngTest.FaceBook_2" name="@AfterClass clearPomObj" time="-1.692423303314E9">
    <skipped/>
  </testcase> <!-- @AfterClass clearPomObj -->
  <testcase classname="testngTest.FaceBook_1" name="@AfterTest closedBrowser" time="-1.692423303316E9">
    <skipped/>
  </testcase> <!-- @AfterTest closedBrowser -->
  <testcase classname="testngTest.FaceBook_2" name="@AfterTest closedBrowser" time="-1.692423303316E9">
    <skipped/>
  </testcase> <!-- @AfterTest closedBrowser -->
  <testcase classname="testngTest.FaceBook_1" name="terms" time="0.0">
    <skipped/>
  </testcase> <!-- terms -->
  <testcase classname="testngTest.FaceBook_1" name="privacyPolicy" time="0.0">
    <skipped/>
  </testcase> <!-- privacyPolicy -->
  <testcase classname="testngTest.FaceBook_2" name="terms" time="0.0">
    <skipped/>
  </testcase> <!-- terms -->
  <testcase classname="testngTest.FaceBook_2" name="privacyPolicy" time="0.0">
    <skipped/>
  </testcase> <!-- privacyPolicy -->
</testsuite> <!-- FireFoxTest -->
